Arguments: 
  /Users/thijssmudde/.nvm/versions/node/v9.2.0/bin/node /usr/local/Cellar/yarn/1.5.1_1/libexec/bin/yarn.js add react-leaflet --save

PATH: 
  /Users/thijssmudde/.nvm/versions/node/v9.2.0/bin:/usr/local/bin:/usr/bin:/bin:/usr/sbin:/sbin:/Library/TeX/texbin:/usr/local/go/bin:/usr/local/share/dotnet:/opt/X11/bin:/Library/Frameworks/Mono.framework/Versions/Current/Commands:/Users/thijssmudde/Library/Android/sdk/tools:/Users/thijssmudde/Library/Android/sdk/platform-tools

Yarn version: 
  1.5.1

Node version: 
  9.2.0

Platform: 
  darwin x64

npm manifest: 
  {
    "name": "react-leaflet-distance-marker",
    "version": "0.0.2",
    "lockfileVersion": 1,
    "requires": true,
    "dependencies": {
      "leaflet": {
        "version": "1.3.1",
        "resolved": "https://registry.npmjs.org/leaflet/-/leaflet-1.3.1.tgz",
        "integrity": "sha512-adQOIzh+bfdridLM1xIgJ9VnJbAUY3wqs/ueF+ITla+PLQ1z47USdBKUf+iD9FuUA8RtlT6j6hZBfZoA6mW+XQ=="
      },
      "leaflet-geometryutil": {
        "version": "0.8.1",
        "resolved": "https://registry.npmjs.org/leaflet-geometryutil/-/leaflet-geometryutil-0.8.1.tgz",
        "integrity": "sha512-Stnl3tOzeL9A+EbBb5qUxV2ACR1yoRnIFLrFLDbvICas0vky41iC8dx/sS2YOVMY9GDntRNljSM7YQosVZvUpA==",
        "requires": {
          "leaflet": ">=0.7.0"
        }
      }
    },
    "author": "Fullhdpixel <contact@myroutes.io>, old version by adoroszlai",
    "license": "MIT",
    "readme": "README.md"
  }

yarn manifest: 
  No manifest

Lockfile: 
  No lockfile

Trace: 
  TypeError [ERR_INVALID_ARG_TYPE]: The "path" argument must be of type string
      at assertPath (path.js:28:11)
      at Object.isAbsolute (path.js:1238:5)
      at module.exports.exports.default (/usr/local/Cellar/yarn/1.5.1_1/libexec/lib/cli.js:95837:16)
      at /usr/local/Cellar/yarn/1.5.1_1/libexec/lib/cli.js:52427:63
      at Generator.next (<anonymous>)
      at step (/usr/local/Cellar/yarn/1.5.1_1/libexec/lib/cli.js:98:30)
      at /usr/local/Cellar/yarn/1.5.1_1/libexec/lib/cli.js:109:13
      at <anonymous>
